# JRE version: OpenJDK Runtime Environment (8.0_242-b01) (build 1.8.0_242-release-1644-b01)
# Java VM: OpenJDK 64-Bit Server VM (25.242-b01 mixed mode windows-amd64 compressed oops)
Heap:
 PSYoungGen      total 323072K, used 125094K [0x00000000d5580000, 0x00000000f3600000, 0x0000000100000000)
  eden space 235008K, 15% used [0x00000000d5580000,0x00000000d79af810,0x00000000e3b00000)
  from space 88064K, 99% used [0x00000000ea980000,0x00000000eff7a210,0x00000000eff80000)
  to   space 113152K, 0% used [0x00000000e3b00000,0x00000000e3b00000,0x00000000ea980000)
 ParOldGen       total 743936K, used 110551K [0x0000000080000000, 0x00000000ad680000, 0x00000000d5580000)
  object space 743936K, 14% used [0x0000000080000000,0x0000000086bf5d08,0x00000000ad680000)
 Metaspace       used 91842K, capacity 96486K, committed 96664K, reserved 1136640K
  class space    used 12043K, capacity 12932K, committed 12976K, reserved 1048576K
GC Heap History (10 events):
Event: 40.954 GC heap before
{Heap before GC invocations=26 (full 7):
 PSYoungGen      total 289280K, used 47100K [0x00000000d5580000, 0x00000000ee300000, 0x0000000100000000)
  eden space 242176K, 0% used [0x00000000d5580000,0x00000000d5580000,0x00000000e4200000)
  from space 47104K, 99% used [0x00000000e4200000,0x00000000e6fff038,0x00000000e7000000)
  to   space 79360K, 0% used [0x00000000e9580000,0x00000000e9580000,0x00000000ee300000)
 ParOldGen       total 139776K, used 139265K [0x0000000080000000, 0x0000000088880000, 0x00000000d5580000)
  object space 139776K, 99% used [0x0000000080000000,0x0000000088800448,0x0000000088880000)
 Metaspace       used 86993K, capacity 91568K, committed 91800K, reserved 1132544K
  class space    used 11529K, capacity 12387K, committed 12464K, reserved 1048576K
Event: 41.703 GC heap after
Heap after GC invocations=26 (full 7):
 PSYoungGen      total 289280K, used 27548K [0x00000000d5580000, 0x00000000ee300000, 0x0000000100000000)
  eden space 242176K, 0% used [0x00000000d5580000,0x00000000d5580000,0x00000000e4200000)
  from space 47104K, 58% used [0x00000000e4200000,0x00000000e5ce72c8,0x00000000e7000000)
  to   space 79360K, 0% used [0x00000000e9580000,0x00000000e9580000,0x00000000ee300000)
 ParOldGen       total 139776K, used 139725K [0x0000000080000000, 0x0000000088880000, 0x00000000d5580000)
  object space 139776K, 99% used [0x0000000080000000,0x0000000088873630,0x0000000088880000)
 Metaspace       used 86951K, capacity 91462K, committed 91800K, reserved 1132544K
  class space    used 11515K, capacity 12362K, committed 12464K, reserved 1048576K
}
Event: 464.679 GC heap before
{Heap before GC invocations=27 (full 8):
 PSYoungGen      total 289280K, used 269724K [0x00000000d5580000, 0x00000000ee300000, 0x0000000100000000)
  eden space 242176K, 100% used [0x00000000d5580000,0x00000000e4200000,0x00000000e4200000)
  from space 47104K, 58% used [0x00000000e4200000,0x00000000e5ce72c8,0x00000000e7000000)
  to   space 79360K, 0% used [0x00000000e9580000,0x00000000e9580000,0x00000000ee300000)
 ParOldGen       total 139776K, used 139725K [0x0000000080000000, 0x0000000088880000, 0x00000000d5580000)
  object space 139776K, 99% used [0x0000000080000000,0x0000000088873630,0x0000000088880000)
 Metaspace       used 91041K, capacity 95582K, committed 95896K, reserved 1136640K
  class space    used 12021K, capacity 12902K, committed 12976K, reserved 1048576K
Event: 464.836 GC heap after
Heap after GC invocations=27 (full 8):
 PSYoungGen      total 289280K, used 0K [0x00000000d5580000, 0x00000000ee300000, 0x0000000100000000)
  eden space 242176K, 0% used [0x00000000d5580000,0x00000000d5580000,0x00000000e4200000)
  from space 47104K, 0% used [0x00000000e4200000,0x00000000e4200000,0x00000000e7000000)
  to   space 79360K, 0% used [0x00000000e9580000,0x00000000e9580000,0x00000000ee300000)
 ParOldGen       total 743936K, used 84570K [0x0000000080000000, 0x00000000ad680000, 0x00000000d5580000)
  object space 743936K, 11% used [0x0000000080000000,0x0000000085296820,0x00000000ad680000)
 Metaspace       used 91041K, capacity 95582K, committed 95896K, reserved 1136640K
  class space    used 12021K, capacity 12902K, committed 12976K, reserved 1048576K
}
Event: 468.030 GC heap before
{Heap before GC invocations=28 (full 8):
 PSYoungGen      total 289280K, used 242175K [0x00000000d5580000, 0x00000000ee300000, 0x0000000100000000)
  eden space 242176K, 99% used [0x00000000d5580000,0x00000000e41ffce8,0x00000000e4200000)
  from space 47104K, 0% used [0x00000000e4200000,0x00000000e4200000,0x00000000e7000000)
  to   space 79360K, 0% used [0x00000000e9580000,0x00000000e9580000,0x00000000ee300000)
 ParOldGen       total 743936K, used 84570K [0x0000000080000000, 0x00000000ad680000, 0x00000000d5580000)
  object space 743936K, 11% used [0x0000000080000000,0x0000000085296820,0x00000000ad680000)
 Metaspace       used 91578K, capacity 96248K, committed 96408K, reserved 1136640K
  class space    used 12036K, capacity 12927K, committed 12976K, reserved 1048576K
Event: 468.045 GC heap after
Heap after GC invocations=28 (full 8):
 PSYoungGen      total 325632K, used 12923K [0x00000000d5580000, 0x00000000edf80000, 0x0000000100000000)
  eden space 249856K, 0% used [0x00000000d5580000,0x00000000d5580000,0x00000000e4980000)
  from space 75776K, 17% used [0x00000000e9580000,0x00000000ea21efd0,0x00000000edf80000)
  to   space 76800K, 0% used [0x00000000e4980000,0x00000000e4980000,0x00000000e9480000)
 ParOldGen       total 743936K, used 84578K [0x0000000080000000, 0x00000000ad680000, 0x00000000d5580000)
  object space 743936K, 11% used [0x0000000080000000,0x0000000085298820,0x00000000ad680000)
 Metaspace       used 91578K, capacity 96248K, committed 96408K, reserved 1136640K
  class space    used 12036K, capacity 12927K, committed 12976K, reserved 1048576K
}
Event: 469.603 GC heap before
{Heap before GC invocations=29 (full 8):
 PSYoungGen      total 325632K, used 262779K [0x00000000d5580000, 0x00000000edf80000, 0x0000000100000000)
  eden space 249856K, 100% used [0x00000000d5580000,0x00000000e4980000,0x00000000e4980000)
  from space 75776K, 17% used [0x00000000e9580000,0x00000000ea21efd0,0x00000000edf80000)
  to   space 76800K, 0% used [0x00000000e4980000,0x00000000e4980000,0x00000000e9480000)
 ParOldGen       total 743936K, used 84578K [0x0000000080000000, 0x00000000ad680000, 0x00000000d5580000)
  object space 743936K, 11% used [0x0000000080000000,0x0000000085298820,0x00000000ad680000)
 Metaspace       used 91745K, capacity 96422K, committed 96664K, reserved 1136640K
  class space    used 12041K, capacity 12932K, committed 12976K, reserved 1048576K
Event: 469.664 GC heap after
Heap after GC invocations=29 (full 8):
 PSYoungGen      total 326656K, used 69888K [0x00000000d5580000, 0x00000000eff80000, 0x0000000100000000)
  eden space 249856K, 0% used [0x00000000d5580000,0x00000000d5580000,0x00000000e4980000)
  from space 76800K, 91% used [0x00000000e4980000,0x00000000e8dc01f0,0x00000000e9480000)
  to   space 88064K, 0% used [0x00000000ea980000,0x00000000ea980000,0x00000000eff80000)
 ParOldGen       total 743936K, used 84586K [0x0000000080000000, 0x00000000ad680000, 0x00000000d5580000)
  object space 743936K, 11% used [0x0000000080000000,0x000000008529a820,0x00000000ad680000)
 Metaspace       used 91745K, capacity 96422K, committed 96664K, reserved 1136640K
  class space    used 12041K, capacity 12932K, committed 12976K, reserved 1048576K
}
Event: 470.831 GC heap before
{Heap before GC invocations=30 (full 8):
 PSYoungGen      total 326656K, used 319744K [0x00000000d5580000, 0x00000000eff80000, 0x0000000100000000)
  eden space 249856K, 100% used [0x00000000d5580000,0x00000000e4980000,0x00000000e4980000)
  from space 76800K, 91% used [0x00000000e4980000,0x00000000e8dc01f0,0x00000000e9480000)
  to   space 88064K, 0% used [0x00000000ea980000,0x00000000ea980000,0x00000000eff80000)
 ParOldGen       total 743936K, used 84586K [0x0000000080000000, 0x00000000ad680000, 0x00000000d5580000)
  object space 743936K, 11% used [0x0000000080000000,0x000000008529a820,0x00000000ad680000)
 Metaspace       used 91760K, capacity 96422K, committed 96664K, reserved 1136640K
  class space    used 12041K, capacity 12932K, committed 12976K, reserved 1048576K
Event: 470.938 GC heap after
Heap after GC invocations=30 (full 8):
 PSYoungGen      total 323072K, used 88040K [0x00000000d5580000, 0x00000000f3600000, 0x0000000100000000)
  eden space 235008K, 0% used [0x00000000d5580000,0x00000000d5580000,0x00000000e3b00000)
  from space 88064K, 99% used [0x00000000ea980000,0x00000000eff7a210,0x00000000eff80000)
  to   space 113152K, 0% used [0x00000000e3b00000,0x00000000e3b00000,0x00000000ea980000)
 ParOldGen       total 743936K, used 110551K [0x0000000080000000, 0x00000000ad680000, 0x00000000d5580000)
  object space 743936K, 14% used [0x0000000080000000,0x0000000086bf5d08,0x00000000ad680000)
 Metaspace       used 91760K, capacity 96422K, committed 96664K, reserved 1136640K
  class space    used 12041K, capacity 12932K, committed 12976K, reserved 1048576K
}

